app/build/intermediates/manifest_merge_blame_file/debug/manifest-merger-blame-debug-report.txt
1<?xml version="1.0" encoding="utf-8"?>
2<manifest xmlns:android="http://schemas.android.com/apk/res/android"
3    package="com.cas.gammermvvmapp"
4    android:versionCode="1"
5    android:versionName="1.0" >
6
7    <uses-sdk
8        android:minSdkVersion="23"
8-->src/main/AndroidManifest.xml
9        android:targetSdkVersion="33" />
9-->src/main/AndroidManifest.xml
10
11    <uses-permission android:name="android.permission.INTERNET" />
11-->[com.google.firebase:firebase-auth:22.0.0] AndroidManifest.xml:25:5-67
11-->[com.google.firebase:firebase-auth:22.0.0] AndroidManifest.xml:25:22-64
12    <uses-permission android:name="android.permission.ACCESS_NETWORK_STATE" />
12-->[com.google.firebase:firebase-auth:22.0.0] AndroidManifest.xml:26:5-79
12-->[com.google.firebase:firebase-auth:22.0.0] AndroidManifest.xml:26:22-76
13
14    <application
14-->src/main/AndroidManifest.xml:5:5-26:19
15        android:name="com.cas.gammermvvmapp.GammerMVVMApp"
15-->src/main/AndroidManifest.xml:6:9-38
16        android:allowBackup="true"
16-->src/main/AndroidManifest.xml:7:9-35
17        android:appComponentFactory="androidx.core.app.CoreComponentFactory"
17-->[androidx.core:core:1.8.0] AndroidManifest.xml:24:18-86
18        android:dataExtractionRules="@xml/data_extraction_rules"
18-->src/main/AndroidManifest.xml:8:9-65
19        android:debuggable="true"
20        android:extractNativeLibs="false"
21        android:fullBackupContent="@xml/backup_rules"
21-->src/main/AndroidManifest.xml:9:9-54
22        android:icon="@mipmap/ic_launcher"
22-->src/main/AndroidManifest.xml:10:9-43
23        android:label="@string/app_name"
23-->src/main/AndroidManifest.xml:11:9-41
24        android:supportsRtl="true"
24-->src/main/AndroidManifest.xml:12:9-35
25        android:testOnly="true"
26        android:theme="@style/Theme.GammerMVVMApp" >
26-->src/main/AndroidManifest.xml:13:9-51
27        <activity
27-->src/main/AndroidManifest.xml:15:9-25:20
28            android:name="com.cas.gammermvvmapp.presentation.MainActivity"
28-->src/main/AndroidManifest.xml:16:13-54
29            android:exported="true"
29-->src/main/AndroidManifest.xml:17:13-36
30            android:label="@string/app_name"
30-->src/main/AndroidManifest.xml:18:13-45
31            android:theme="@style/Theme.GammerMVVMApp" >
31-->src/main/AndroidManifest.xml:19:13-55
32            <intent-filter>
32-->src/main/AndroidManifest.xml:20:13-24:29
33                <action android:name="android.intent.action.MAIN" />
33-->src/main/AndroidManifest.xml:21:17-69
33-->src/main/AndroidManifest.xml:21:25-66
34
35                <category android:name="android.intent.category.LAUNCHER" />
35-->src/main/AndroidManifest.xml:23:17-77
35-->src/main/AndroidManifest.xml:23:27-74
36            </intent-filter>
37        </activity>
38        <activity
38-->[androidx.compose.ui:ui-tooling:1.2.0] AndroidManifest.xml:24:9-26:39
39            android:name="androidx.compose.ui.tooling.PreviewActivity"
39-->[androidx.compose.ui:ui-tooling:1.2.0] AndroidManifest.xml:25:13-71
40            android:exported="true" />
40-->[androidx.compose.ui:ui-tooling:1.2.0] AndroidManifest.xml:26:13-36
41
42        <service
42-->[com.google.firebase:firebase-firestore-ktx:24.6.1] AndroidManifest.xml:11:9-17:19
43            android:name="com.google.firebase.components.ComponentDiscoveryService"
43-->[com.google.firebase:firebase-firestore-ktx:24.6.1] AndroidManifest.xml:12:13-84
44            android:directBootAware="true"
44-->[com.google.firebase:firebase-common:20.3.3] AndroidManifest.xml:34:13-43
45            android:exported="false" >
45-->[com.google.firebase:firebase-firestore-ktx:24.6.1] AndroidManifest.xml:13:13-37
46            <meta-data
46-->[com.google.firebase:firebase-firestore-ktx:24.6.1] AndroidManifest.xml:14:13-16:85
47                android:name="com.google.firebase.components:com.google.firebase.firestore.ktx.FirebaseFirestoreKtxRegistrar"
47-->[com.google.firebase:firebase-firestore-ktx:24.6.1] AndroidManifest.xml:15:17-126
48                android:value="com.google.firebase.components.ComponentRegistrar" />
48-->[com.google.firebase:firebase-firestore-ktx:24.6.1] AndroidManifest.xml:16:17-82
49            <meta-data
49-->[com.google.firebase:firebase-auth-ktx:22.0.0] AndroidManifest.xml:11:13-13:85
50                android:name="com.google.firebase.components:com.google.firebase.auth.ktx.FirebaseAuthKtxRegistrar"
50-->[com.google.firebase:firebase-auth-ktx:22.0.0] AndroidManifest.xml:12:17-116
51                android:value="com.google.firebase.components.ComponentRegistrar" />
51-->[com.google.firebase:firebase-auth-ktx:22.0.0] AndroidManifest.xml:13:17-82
52            <meta-data
52-->[com.google.firebase:firebase-common-ktx:20.3.3] AndroidManifest.xml:14:13-16:85
53                android:name="com.google.firebase.components:com.google.firebase.ktx.FirebaseCommonKtxRegistrar"
53-->[com.google.firebase:firebase-common-ktx:20.3.3] AndroidManifest.xml:15:17-113
54                android:value="com.google.firebase.components.ComponentRegistrar" />
54-->[com.google.firebase:firebase-common-ktx:20.3.3] AndroidManifest.xml:16:17-82
55            <meta-data
55-->[com.google.firebase:firebase-auth:22.0.0] AndroidManifest.xml:69:13-71:85
56                android:name="com.google.firebase.components:com.google.firebase.auth.FirebaseAuthRegistrar"
56-->[com.google.firebase:firebase-auth:22.0.0] AndroidManifest.xml:70:17-109
57                android:value="com.google.firebase.components.ComponentRegistrar" />
57-->[com.google.firebase:firebase-auth:22.0.0] AndroidManifest.xml:71:17-82
58            <meta-data
58-->[com.google.firebase:firebase-firestore:24.6.1] AndroidManifest.xml:19:13-21:85
59                android:name="com.google.firebase.components:com.google.firebase.firestore.FirestoreRegistrar"
59-->[com.google.firebase:firebase-firestore:24.6.1] AndroidManifest.xml:20:17-111
60                android:value="com.google.firebase.components.ComponentRegistrar" />
60-->[com.google.firebase:firebase-firestore:24.6.1] AndroidManifest.xml:21:17-82
61        </service>
62
63        <activity
63-->[com.google.firebase:firebase-auth:22.0.0] AndroidManifest.xml:29:9-46:20
64            android:name="com.google.firebase.auth.internal.GenericIdpActivity"
64-->[com.google.firebase:firebase-auth:22.0.0] AndroidManifest.xml:30:13-80
65            android:excludeFromRecents="true"
65-->[com.google.firebase:firebase-auth:22.0.0] AndroidManifest.xml:31:13-46
66            android:exported="true"
66-->[com.google.firebase:firebase-auth:22.0.0] AndroidManifest.xml:32:13-36
67            android:launchMode="singleTask"
67-->[com.google.firebase:firebase-auth:22.0.0] AndroidManifest.xml:33:13-44
68            android:theme="@android:style/Theme.Translucent.NoTitleBar" >
68-->[com.google.firebase:firebase-auth:22.0.0] AndroidManifest.xml:34:13-72
69            <intent-filter>
69-->[com.google.firebase:firebase-auth:22.0.0] AndroidManifest.xml:35:13-45:29
70                <action android:name="android.intent.action.VIEW" />
70-->[com.google.firebase:firebase-auth:22.0.0] AndroidManifest.xml:36:17-69
70-->[com.google.firebase:firebase-auth:22.0.0] AndroidManifest.xml:36:25-66
71
72                <category android:name="android.intent.category.DEFAULT" />
72-->[com.google.firebase:firebase-auth:22.0.0] AndroidManifest.xml:38:17-76
72-->[com.google.firebase:firebase-auth:22.0.0] AndroidManifest.xml:38:27-73
73                <category android:name="android.intent.category.BROWSABLE" />
73-->[com.google.firebase:firebase-auth:22.0.0] AndroidManifest.xml:39:17-78
73-->[com.google.firebase:firebase-auth:22.0.0] AndroidManifest.xml:39:27-75
74
75                <data
75-->[com.google.firebase:firebase-auth:22.0.0] AndroidManifest.xml:41:17-44:51
76                    android:host="firebase.auth"
76-->[com.google.firebase:firebase-auth:22.0.0] AndroidManifest.xml:42:21-49
77                    android:path="/"
77-->[com.google.firebase:firebase-auth:22.0.0] AndroidManifest.xml:43:21-37
78                    android:scheme="genericidp" />
78-->[com.google.firebase:firebase-auth:22.0.0] AndroidManifest.xml:44:21-48
79            </intent-filter>
80        </activity>
81        <activity
81-->[com.google.firebase:firebase-auth:22.0.0] AndroidManifest.xml:47:9-64:20
82            android:name="com.google.firebase.auth.internal.RecaptchaActivity"
82-->[com.google.firebase:firebase-auth:22.0.0] AndroidManifest.xml:48:13-79
83            android:excludeFromRecents="true"
83-->[com.google.firebase:firebase-auth:22.0.0] AndroidManifest.xml:49:13-46
84            android:exported="true"
84-->[com.google.firebase:firebase-auth:22.0.0] AndroidManifest.xml:50:13-36
85            android:launchMode="singleTask"
85-->[com.google.firebase:firebase-auth:22.0.0] AndroidManifest.xml:51:13-44
86            android:theme="@android:style/Theme.Translucent.NoTitleBar" >
86-->[com.google.firebase:firebase-auth:22.0.0] AndroidManifest.xml:52:13-72
87            <intent-filter>
87-->[com.google.firebase:firebase-auth:22.0.0] AndroidManifest.xml:53:13-63:29
88                <action android:name="android.intent.action.VIEW" />
88-->[com.google.firebase:firebase-auth:22.0.0] AndroidManifest.xml:36:17-69
88-->[com.google.firebase:firebase-auth:22.0.0] AndroidManifest.xml:36:25-66
89
90                <category android:name="android.intent.category.DEFAULT" />
90-->[com.google.firebase:firebase-auth:22.0.0] AndroidManifest.xml:38:17-76
90-->[com.google.firebase:firebase-auth:22.0.0] AndroidManifest.xml:38:27-73
91                <category android:name="android.intent.category.BROWSABLE" />
91-->[com.google.firebase:firebase-auth:22.0.0] AndroidManifest.xml:39:17-78
91-->[com.google.firebase:firebase-auth:22.0.0] AndroidManifest.xml:39:27-75
92
93                <data
93-->[com.google.firebase:firebase-auth:22.0.0] AndroidManifest.xml:41:17-44:51
94                    android:host="firebase.auth"
94-->[com.google.firebase:firebase-auth:22.0.0] AndroidManifest.xml:42:21-49
95                    android:path="/"
95-->[com.google.firebase:firebase-auth:22.0.0] AndroidManifest.xml:43:21-37
96                    android:scheme="recaptcha" />
96-->[com.google.firebase:firebase-auth:22.0.0] AndroidManifest.xml:44:21-48
97            </intent-filter>
98        </activity>
99        <activity
99-->[androidx.compose.ui:ui-test-manifest:1.2.0] AndroidManifest.xml:24:9-26:39
100            android:name="androidx.activity.ComponentActivity"
100-->[androidx.compose.ui:ui-test-manifest:1.2.0] AndroidManifest.xml:25:13-63
101            android:exported="true" />
101-->[androidx.compose.ui:ui-test-manifest:1.2.0] AndroidManifest.xml:26:13-36
102
103        <provider
103-->[com.google.firebase:firebase-common:20.3.3] AndroidManifest.xml:25:9-30:39
104            android:name="com.google.firebase.provider.FirebaseInitProvider"
104-->[com.google.firebase:firebase-common:20.3.3] AndroidManifest.xml:26:13-77
105            android:authorities="com.cas.gammermvvmapp.firebaseinitprovider"
105-->[com.google.firebase:firebase-common:20.3.3] AndroidManifest.xml:27:13-72
106            android:directBootAware="true"
106-->[com.google.firebase:firebase-common:20.3.3] AndroidManifest.xml:28:13-43
107            android:exported="false"
107-->[com.google.firebase:firebase-common:20.3.3] AndroidManifest.xml:29:13-37
108            android:initOrder="100" />
108-->[com.google.firebase:firebase-common:20.3.3] AndroidManifest.xml:30:13-36
109
110        <activity
110-->[com.google.android.gms:play-services-base:18.0.1] AndroidManifest.xml:20:9-22:45
111            android:name="com.google.android.gms.common.api.GoogleApiActivity"
111-->[com.google.android.gms:play-services-base:18.0.1] AndroidManifest.xml:20:19-85
112            android:exported="false"
112-->[com.google.android.gms:play-services-base:18.0.1] AndroidManifest.xml:22:19-43
113            android:theme="@android:style/Theme.Translucent.NoTitleBar" />
113-->[com.google.android.gms:play-services-base:18.0.1] AndroidManifest.xml:21:19-78
114
115        <meta-data
115-->[com.google.android.gms:play-services-basement:18.1.0] AndroidManifest.xml:21:9-23:69
116            android:name="com.google.android.gms.version"
116-->[com.google.android.gms:play-services-basement:18.1.0] AndroidManifest.xml:22:13-58
117            android:value="@integer/google_play_services_version" />
117-->[com.google.android.gms:play-services-basement:18.1.0] AndroidManifest.xml:23:13-66
118
119        <provider
119-->[androidx.profileinstaller:profileinstaller:1.2.0] AndroidManifest.xml:25:9-33:20
120            android:name="androidx.startup.InitializationProvider"
120-->[androidx.profileinstaller:profileinstaller:1.2.0] AndroidManifest.xml:26:13-67
121            android:authorities="com.cas.gammermvvmapp.androidx-startup"
121-->[androidx.profileinstaller:profileinstaller:1.2.0] AndroidManifest.xml:27:13-68
122            android:exported="false" >
122-->[androidx.profileinstaller:profileinstaller:1.2.0] AndroidManifest.xml:28:13-37
123            <meta-data
123-->[androidx.profileinstaller:profileinstaller:1.2.0] AndroidManifest.xml:30:13-32:52
124                android:name="androidx.profileinstaller.ProfileInstallerInitializer"
124-->[androidx.profileinstaller:profileinstaller:1.2.0] AndroidManifest.xml:31:17-85
125                android:value="androidx.startup" />
125-->[androidx.profileinstaller:profileinstaller:1.2.0] AndroidManifest.xml:32:17-49
126        </provider>
127
128        <receiver
128-->[androidx.profileinstaller:profileinstaller:1.2.0] AndroidManifest.xml:35:9-47:20
129            android:name="androidx.profileinstaller.ProfileInstallReceiver"
129-->[androidx.profileinstaller:profileinstaller:1.2.0] AndroidManifest.xml:36:13-76
130            android:directBootAware="false"
130-->[androidx.profileinstaller:profileinstaller:1.2.0] AndroidManifest.xml:37:13-44
131            android:enabled="true"
131-->[androidx.profileinstaller:profileinstaller:1.2.0] AndroidManifest.xml:38:13-35
132            android:exported="true"
132-->[androidx.profileinstaller:profileinstaller:1.2.0] AndroidManifest.xml:39:13-36
133            android:permission="android.permission.DUMP" >
133-->[androidx.profileinstaller:profileinstaller:1.2.0] AndroidManifest.xml:40:13-57
134            <intent-filter>
134-->[androidx.profileinstaller:profileinstaller:1.2.0] AndroidManifest.xml:41:13-43:29
135                <action android:name="androidx.profileinstaller.action.INSTALL_PROFILE" />
135-->[androidx.profileinstaller:profileinstaller:1.2.0] AndroidManifest.xml:42:17-91
135-->[androidx.profileinstaller:profileinstaller:1.2.0] AndroidManifest.xml:42:25-88
136            </intent-filter>
137            <intent-filter>
137-->[androidx.profileinstaller:profileinstaller:1.2.0] AndroidManifest.xml:44:13-46:29
138                <action android:name="androidx.profileinstaller.action.SKIP_FILE" />
138-->[androidx.profileinstaller:profileinstaller:1.2.0] AndroidManifest.xml:45:17-85
138-->[androidx.profileinstaller:profileinstaller:1.2.0] AndroidManifest.xml:45:25-82
139            </intent-filter>
140        </receiver>
141    </application>
142
143</manifest>